[0822/220412.703:ERROR:process_memory_win.cc(73)] ReadMemory at 0x7ff64a360000 of 64 bytes failed: Only part of a ReadProcessMemory or WriteProcessMemory request was completed. (0x12B)
[0822/220413.226:WARNING:pe_image_reader.cc(340)] could not read dos header from C:\Program Files (x86)\Google\Chrome\Application\chrome.exe
[0822/220413.226:ERROR:process_memory_win.cc(73)] ReadMemory at 0x7ff8007c0000 of 64 bytes failed: Only part of a ReadProcessMemory or WriteProcessMemory request was completed. (0x12B)
[0822/220413.226:WARNING:pe_image_reader.cc(340)] could not read dos header from C:\WINDOWS\SYSTEM32\ntdll.dll
[0822/220413.226:ERROR:process_memory_win.cc(73)] ReadMemory at 0x7fffff7a0000 of 64 bytes failed: Only part of a ReadProcessMemory or WriteProcessMemory request was completed. (0x12B)
[0822/220413.232:WARNING:pe_image_reader.cc(340)] could not read dos header from C:\WINDOWS\System32\KERNEL32.DLL
[0822/220413.232:ERROR:process_memory_win.cc(73)] ReadMemory at 0x7ffffcd10000 of 64 bytes failed: Only part of a ReadProcessMemory or WriteProcessMemory request was completed. (0x12B)
[0822/220413.232:WARNING:pe_image_reader.cc(340)] could not read dos header from C:\WINDOWS\System32\KERNELBASE.dll
[0822/220413.232:ERROR:process_memory_win.cc(73)] ReadMemory at 0x7fffc2480000 of 64 bytes failed: Only part of a ReadProcessMemory or WriteProcessMemory request was completed. (0x12B)
[0822/220413.232:WARNING:pe_image_reader.cc(340)] could not read dos header from C:\Program Files (x86)\Google\Chrome\Application\84.0.4147.89\chrome_elf.dll
[0822/220413.232:ERROR:process_memory_win.cc(73)] ReadMemory at 0x7ffff6320000 of 64 bytes failed: Only part of a ReadProcessMemory or WriteProcessMemory request was completed. (0x12B)
[0822/220413.232:WARNING:pe_image_reader.cc(340)] could not read dos header from C:\WINDOWS\SYSTEM32\VERSION.dll
[0822/220413.232:ERROR:process_memory_win.cc(73)] ReadMemory at 0x7ffffdf60000 of 64 bytes failed: Only part of a ReadProcessMemory or WriteProcessMemory request was completed. (0x12B)
[0822/220413.232:WARNING:pe_image_reader.cc(340)] could not read dos header from C:\WINDOWS\System32\msvcrt.dll
[0822/220413.232:ERROR:process_memory_win.cc(73)] ReadMemory at 0x7ffffcc90000 of 64 bytes failed: Only part of a ReadProcessMemory or WriteProcessMemory request was completed. (0x12B)
[0822/220413.232:WARNING:pe_image_reader.cc(340)] could not read dos header from C:\WINDOWS\System32\bcryptPrimitives.dll
[0822/220413.232:ERROR:process_memory_win.cc(73)] ReadMemory at 0x7fffffc30000 of 64 bytes failed: Only part of a ReadProcessMemory or WriteProcessMemory request was completed. (0x12B)
[0822/220413.232:WARNING:pe_image_reader.cc(340)] could not read dos header from C:\WINDOWS\System32\ADVAPI32.dll
[0822/220413.232:ERROR:process_memory_win.cc(73)] ReadMemory at 0x7fffff5d0000 of 64 bytes failed: Only part of a ReadProcessMemory or WriteProcessMemory request was completed. (0x12B)
[0822/220413.232:WARNING:pe_image_reader.cc(340)] could not read dos header from C:\WINDOWS\System32\sechost.dll
[0822/220413.232:ERROR:process_memory_win.cc(73)] ReadMemory at 0x7ff800590000 of 64 bytes failed: Only part of a ReadProcessMemory or WriteProcessMemory request was completed. (0x12B)
[0822/220413.232:WARNING:pe_image_reader.cc(340)] could not read dos header from C:\WINDOWS\System32\RPCRT4.dll
[0822/220413.232:ERROR:process_memory_win.cc(73)] ReadMemory at 0x7fff9d350000 of 64 bytes failed: Only part of a ReadProcessMemory or WriteProcessMemory request was completed. (0x12B)
[0822/220413.232:WARNING:pe_image_reader.cc(340)] could not read dos header from C:\Program Files (x86)\Google\Chrome\Application\84.0.4147.89\chrome.dll
[0822/220413.232:ERROR:process_memory_win.cc(73)] ReadMemory at 0x7fffffb60000 of 64 bytes failed: Only part of a ReadProcessMemory or WriteProcessMemory request was completed. (0x12B)
[0822/220413.232:WARNING:pe_image_reader.cc(340)] could not read dos header from C:\WINDOWS\System32\WS2_32.dll
[0822/220413.232:ERROR:process_memory_win.cc(73)] ReadMemory at 0x7ffffe000000 of 64 bytes failed: Only part of a ReadProcessMemory or WriteProcessMemory request was completed. (0x12B)
[0822/220413.232:WARNING:pe_image_reader.cc(340)] could not read dos header from C:\WINDOWS\System32\OLEAUT32.dll
[0822/220413.233:ERROR:process_memory_win.cc(73)] ReadMemory at 0x7ffffcb40000 of 64 bytes failed: Only part of a ReadProcessMemory or WriteProcessMemory request was completed. (0x12B)
[0822/220413.233:WARNING:pe_image_reader.cc(340)] could not read dos header from C:\WINDOWS\System32\msvcp_win.dll
[0822/220413.233:ERROR:process_memory_win.cc(73)] ReadMemory at 0x7ffffd960000 of 64 bytes failed: Only part of a ReadProcessMemory or WriteProcessMemory request was completed. (0x12B)
[0822/220413.233:WARNING:pe_image_reader.cc(340)] could not read dos header from C:\WINDOWS\System32\ucrtbase.dll
[0822/220413.233:ERROR:process_memory_win.cc(73)] ReadMemory at 0x7ffffdc30000 of 64 bytes failed: Only part of a ReadProcessMemory or WriteProcessMemory request was completed. (0x12B)
[0822/220413.233:WARNING:pe_image_reader.cc(340)] could not read dos header from C:\WINDOWS\System32\combase.dll
[0822/220413.233:ERROR:process_memory_win.cc(73)] ReadMemory at 0x7ffffcfb0000 of 64 bytes failed: Only part of a ReadProcessMemory or WriteProcessMemory request was completed. (0x12B)
[0822/220413.233:WARNING:pe_image_reader.cc(340)] could not read dos header from C:\WINDOWS\System32\WINTRUST.dll
[0822/220413.233:ERROR:process_memory_win.cc(73)] ReadMemory at 0x7ffffc880000 of 64 bytes failed: Only part of a ReadProcessMemory or WriteProcessMemory request was completed. (0x12B)
[0822/220413.233:WARNING:pe_image_reader.cc(340)] could not read dos header from C:\WINDOWS\System32\MSASN1.dll
[0822/220413.233:ERROR:process_memory_win.cc(73)] ReadMemory at 0x7ffffd010000 of 64 bytes failed: Only part of a ReadProcessMemory or WriteProcessMemory request was completed. (0x12B)
[0822/220413.233:WARNING:pe_image_reader.cc(340)] could not read dos header from C:\WINDOWS\System32\CRYPT32.dll
[0822/220413.233:ERROR:process_memory_win.cc(73)] ReadMemory at 0x7ffffbb00000 of 64 bytes failed: Only part of a ReadProcessMemory or WriteProcessMemory request was completed. (0x12B)
[0822/220413.233:WARNING:pe_image_reader.cc(340)] could not read dos header from C:\WINDOWS\SYSTEM32\IPHLPAPI.DLL
[0822/220413.233:ERROR:process_memory_win.cc(73)] ReadMemory at 0x7ffff95b0000 of 64 bytes failed: Only part of a ReadProcessMemory or WriteProcessMemory request was completed. (0x12B)
[0822/220413.233:WARNING:pe_image_reader.cc(340)] could not read dos header from C:\WINDOWS\SYSTEM32\WINMM.dll
[0822/220413.233:ERROR:process_memory_win.cc(73)] ReadMemory at 0x7ffff5e40000 of 64 bytes failed: Only part of a ReadProcessMemory or WriteProcessMemory request was completed. (0x12B)
[0822/220413.233:WARNING:pe_image_reader.cc(340)] could not read dos header from C:\WINDOWS\SYSTEM32\Secur32.dll
[0822/220413.233:ERROR:process_memory_win.cc(73)] ReadMemory at 0x7ffffc780000 of 64 bytes failed: Only part of a ReadProcessMemory or WriteProcessMemory request was completed. (0x12B)
[0822/220413.233:WARNING:pe_image_reader.cc(340)] could not read dos header from C:\WINDOWS\SYSTEM32\USERENV.dll
[0822/220413.233:ERROR:process_memory_win.cc(73)] ReadMemory at 0x7ffffc920000 of 64 bytes failed: Only part of a ReadProcessMemory or WriteProcessMemory request was completed. (0x12B)
[0822/220413.233:WARNING:pe_image_reader.cc(340)] could not read dos header from C:\WINDOWS\System32\profapi.dll
[0822/220413.233:ERROR:process_memory_win.cc(73)] ReadMemory at 0x7fffe2050000 of 64 bytes failed: Only part of a ReadProcessMemory or WriteProcessMemory request was completed. (0x12B)
[0822/220413.233:WARNING:pe_image_reader.cc(340)] could not read dos header from C:\WINDOWS\SYSTEM32\UIAutomationCore.DLL
[0822/220413.233:ERROR:process_memory_win.cc(73)] ReadMemory at 0x7fffe65a0000 of 64 bytes failed: Only part of a ReadProcessMemory or WriteProcessMemory request was completed. (0x12B)
[0822/220413.233:WARNING:pe_image_reader.cc(340)] could not read dos header from C:\WINDOWS\SYSTEM32\DWrite.dll
[0822/220413.233:ERROR:process_memory_win.cc(73)] ReadMemory at 0x7fffe4ad0000 of 64 bytes failed: Only part of a ReadProcessMemory or WriteProcessMemory request was completed. (0x12B)
[0822/220413.233:WARNING:pe_image_reader.cc(340)] could not read dos header from C:\WINDOWS\SYSTEM32\WINSPOOL.DRV
[0822/220413.233:ERROR:process_memory_win.cc(73)] ReadMemory at 0x7ffffc8a0000 of 64 bytes failed: Only part of a ReadProcessMemory or WriteProcessMemory request was completed. (0x12B)
[0822/220413.233:WARNING:pe_image_reader.cc(340)] could not read dos header from C:\WINDOWS\System32\kernel.appcore.dll
[0822/220413.233:ERROR:process_memory_win.cc(73)] ReadMemory at 0x7ffffda60000 of 64 bytes failed: Only part of a ReadProcessMemory or WriteProcessMemory request was completed. (0x12B)
[0822/220413.233:WARNING:pe_image_reader.cc(340)] could not read dos header from C:\WINDOWS\System32\bcrypt.dll
[0822/220413.233:ERROR:process_memory_win.cc(73)] ReadMemory at 0x7ffffc3c0000 of 64 bytes failed: Only part of a ReadProcessMemory or WriteProcessMemory request was completed. (0x12B)
[0822/220413.233:WARNING:pe_image_reader.cc(340)] could not read dos header from C:\WINDOWS\SYSTEM32\dbghelp.dll
[0822/220413.233:ERROR:process_memory_win.cc(73)] ReadMemory at 0x7fffecdd0000 of 64 bytes failed: Only part of a ReadProcessMemory or WriteProcessMemory request was completed. (0x12B)
[0822/220413.234:WARNING:pe_image_reader.cc(340)] could not read dos header from C:\WINDOWS\SYSTEM32\WINHTTP.dll
[0822/220413.234:ERROR:process_memory_win.cc(73)] ReadMemory at 0x7ffff11c0000 of 64 bytes failed: Only part of a ReadProcessMemory or WriteProcessMemory request was completed. (0x12B)
[0822/220413.234:WARNING:pe_image_reader.cc(340)] could not read dos header from C:\WINDOWS\SYSTEM32\dhcpcsvc.DLL
[0822/220413.234:ERROR:process_memory_win.cc(73)] ReadMemory at 0x7ff8000d0000 of 64 bytes failed: Only part of a ReadProcessMemory or WriteProcessMemory request was completed. (0x12B)
[0822/220413.234:WARNING:pe_image_reader.cc(340)] could not read dos header from C:\WINDOWS\System32\NSI.dll
[0822/220413.234:ERROR:process_memory_win.cc(73)] ReadMemory at 0x7ffff9580000 of 64 bytes failed: Only part of a ReadProcessMemory or WriteProcessMemory request was completed. (0x12B)
[0822/220413.234:WARNING:pe_image_reader.cc(340)] could not read dos header from C:\WINDOWS\SYSTEM32\WINMMBASE.dll
[0822/220413.234:ERROR:process_memory_win.cc(73)] ReadMemory at 0x7ffffc950000 of 64 bytes failed: Only part of a ReadProcessMemory or WriteProcessMemory request was completed. (0x12B)
[0822/220413.234:WARNING:pe_image_reader.cc(340)] could not read dos header from C:\WINDOWS\System32\cfgmgr32.dll
[0822/220413.234:ERROR:process_memory_win.cc(73)] ReadMemory at 0x7ffff0110000 of 64 bytes failed: Only part of a ReadProcessMemory or WriteProcessMemory request was completed. (0x12B)
[0822/220413.234:WARNING:pe_image_reader.cc(340)] could not read dos header from C:\WINDOWS\SYSTEM32\Bcp47Langs.dll
[0822/220413.234:ERROR:process_memory_win.cc(73)] ReadMemory at 0x7ffff8950000 of 64 bytes failed: Only part of a ReadProcessMemory or WriteProcessMemory request was completed. (0x12B)
[0822/220413.234:WARNING:pe_image_reader.cc(340)] could not read dos header from C:\WINDOWS\SYSTEM32\PROPSYS.dll
[0822/220413.234:ERROR:process_memory_win.cc(73)] ReadMemory at 0x7ff8006c0000 of 64 bytes failed: Only part of a ReadProcessMemory or WriteProcessMemory request was completed. (0x12B)
[0822/220413.234:WARNING:pe_image_reader.cc(340)] could not read dos header from C:\WINDOWS\System32\shcore.dll
[0822/220413.234:ERROR:process_memory_win.cc(73)] ReadMemory at 0x7ffffc7b0000 of 64 bytes failed: Only part of a ReadProcessMemory or WriteProcessMemory request was completed. (0x12B)
[0822/220413.234:WARNING:pe_image_reader.cc(340)] could not read dos header from C:\WINDOWS\SYSTEM32\SSPICLI.DLL
[0822/220413.234:ERROR:process_memory_win.cc(73)] ReadMemory at 0x7ffffbfb0000 of 64 bytes failed: Only part of a ReadProcessMemory or WriteProcessMemory request was completed. (0x12B)
[0822/220413.234:WARNING:pe_image_reader.cc(340)] could not read dos header from C:\WINDOWS\SYSTEM32\CRYPTBASE.DLL
[0822/220413.237:ERROR:process_memory_win.cc(73)] ReadMemory at 0x7ff64a360000 of 64 bytes failed: Only part of a ReadProcessMemory or WriteProcessMemory request was completed. (0x12B)
[0822/220413.237:WARNING:pe_image_reader.cc(340)] could not read dos header from C:\Program Files (x86)\Google\Chrome\Application\chrome.exe
[0822/220413.237:ERROR:process_memory_win.cc(73)] ReadMemory at 0x7ff8007c0000 of 64 bytes failed: Only part of a ReadProcessMemory or WriteProcessMemory request was completed. (0x12B)
[0822/220413.237:WARNING:pe_image_reader.cc(340)] could not read dos header from C:\WINDOWS\SYSTEM32\ntdll.dll
[0822/220413.237:ERROR:process_memory_win.cc(73)] ReadMemory at 0x7fffff7a0000 of 64 bytes failed: Only part of a ReadProcessMemory or WriteProcessMemory request was completed. (0x12B)
[0822/220413.237:WARNING:pe_image_reader.cc(340)] could not read dos header from C:\WINDOWS\System32\KERNEL32.DLL
[0822/220413.238:ERROR:process_memory_win.cc(73)] ReadMemory at 0x7ffffcd10000 of 64 bytes failed: Only part of a ReadProcessMemory or WriteProcessMemory request was completed. (0x12B)
[0822/220413.238:WARNING:pe_image_reader.cc(340)] could not read dos header from C:\WINDOWS\System32\KERNELBASE.dll
[0822/220413.238:ERROR:process_memory_win.cc(73)] ReadMemory at 0x7fffc2480000 of 64 bytes failed: Only part of a ReadProcessMemory or WriteProcessMemory request was completed. (0x12B)
[0822/220413.238:WARNING:pe_image_reader.cc(340)] could not read dos header from C:\Program Files (x86)\Google\Chrome\Application\84.0.4147.89\chrome_elf.dll
[0822/220413.238:ERROR:process_memory_win.cc(73)] ReadMemory at 0x7ffff6320000 of 64 bytes failed: Only part of a ReadProcessMemory or WriteProcessMemory request was completed. (0x12B)
[0822/220413.238:WARNING:pe_image_reader.cc(340)] could not read dos header from C:\WINDOWS\SYSTEM32\VERSION.dll
[0822/220413.238:ERROR:process_memory_win.cc(73)] ReadMemory at 0x7ffffdf60000 of 64 bytes failed: Only part of a ReadProcessMemory or WriteProcessMemory request was completed. (0x12B)
[0822/220413.238:WARNING:pe_image_reader.cc(340)] could not read dos header from C:\WINDOWS\System32\msvcrt.dll
[0822/220413.238:ERROR:process_memory_win.cc(73)] ReadMemory at 0x7ffffcc90000 of 64 bytes failed: Only part of a ReadProcessMemory or WriteProcessMemory request was completed. (0x12B)
[0822/220413.238:WARNING:pe_image_reader.cc(340)] could not read dos header from C:\WINDOWS\System32\bcryptPrimitives.dll
[0822/220413.238:ERROR:process_memory_win.cc(73)] ReadMemory at 0x7fffffc30000 of 64 bytes failed: Only part of a ReadProcessMemory or WriteProcessMemory request was completed. (0x12B)
[0822/220413.238:WARNING:pe_image_reader.cc(340)] could not read dos header from C:\WINDOWS\System32\ADVAPI32.dll
[0822/220413.238:ERROR:process_memory_win.cc(73)] ReadMemory at 0x7fffff5d0000 of 64 bytes failed: Only part of a ReadProcessMemory or WriteProcessMemory request was completed. (0x12B)
[0822/220413.238:WARNING:pe_image_reader.cc(340)] could not read dos header from C:\WINDOWS\System32\sechost.dll
[0822/220413.238:ERROR:process_memory_win.cc(73)] ReadMemory at 0x7ff800590000 of 64 bytes failed: Only part of a ReadProcessMemory or WriteProcessMemory request was completed. (0x12B)
[0822/220413.238:WARNING:pe_image_reader.cc(340)] could not read dos header from C:\WINDOWS\System32\RPCRT4.dll
[0822/220413.238:ERROR:process_memory_win.cc(73)] ReadMemory at 0x7fff9d350000 of 64 bytes failed: Only part of a ReadProcessMemory or WriteProcessMemory request was completed. (0x12B)
[0822/220413.238:WARNING:pe_image_reader.cc(340)] could not read dos header from C:\Program Files (x86)\Google\Chrome\Application\84.0.4147.89\chrome.dll
[0822/220413.238:ERROR:process_memory_win.cc(73)] ReadMemory at 0x7fffffb60000 of 64 bytes failed: Only part of a ReadProcessMemory or WriteProcessMemory request was completed. (0x12B)
[0822/220413.238:WARNING:pe_image_reader.cc(340)] could not read dos header from C:\WINDOWS\System32\WS2_32.dll
[0822/220413.238:ERROR:process_memory_win.cc(73)] ReadMemory at 0x7ffffe000000 of 64 bytes failed: Only part of a ReadProcessMemory or WriteProcessMemory request was completed. (0x12B)
[0822/220413.273:WARNING:pe_image_reader.cc(340)] could not read dos header from C:\WINDOWS\System32\OLEAUT32.dll
[0822/220413.273:ERROR:process_memory_win.cc(73)] ReadMemory at 0x7ffffcb40000 of 64 bytes failed: Only part of a ReadProcessMemory or WriteProcessMemory request was completed. (0x12B)
[0822/220413.274:WARNING:pe_image_reader.cc(340)] could not read dos header from C:\WINDOWS\System32\msvcp_win.dll
[0822/220413.274:ERROR:process_memory_win.cc(73)] ReadMemory at 0x7ffffd960000 of 64 bytes failed: Only part of a ReadProcessMemory or WriteProcessMemory request was completed. (0x12B)
[0822/220413.274:WARNING:pe_image_reader.cc(340)] could not read dos header from C:\WINDOWS\System32\ucrtbase.dll
[0822/220413.274:ERROR:process_memory_win.cc(73)] ReadMemory at 0x7ffffdc30000 of 64 bytes failed: Only part of a ReadProcessMemory or WriteProcessMemory request was completed. (0x12B)
[0822/220413.274:WARNING:pe_image_reader.cc(340)] could not read dos header from C:\WINDOWS\System32\combase.dll
[0822/220413.274:ERROR:process_memory_win.cc(73)] ReadMemory at 0x7ffffcfb0000 of 64 bytes failed: Only part of a ReadProcessMemory or WriteProcessMemory request was completed. (0x12B)
[0822/220413.274:WARNING:pe_image_reader.cc(340)] could not read dos header from C:\WINDOWS\System32\WINTRUST.dll
[0822/220413.274:ERROR:process_memory_win.cc(73)] ReadMemory at 0x7ffffc880000 of 64 bytes failed: Only part of a ReadProcessMemory or WriteProcessMemory request was completed. (0x12B)
[0822/220413.274:WARNING:pe_image_reader.cc(340)] could not read dos header from C:\WINDOWS\System32\MSASN1.dll
[0822/220413.274:ERROR:process_memory_win.cc(73)] ReadMemory at 0x7ffffd010000 of 64 bytes failed: Only part of a ReadProcessMemory or WriteProcessMemory request was completed. (0x12B)
[0822/220413.274:WARNING:pe_image_reader.cc(340)] could not read dos header from C:\WINDOWS\System32\CRYPT32.dll
[0822/220413.274:ERROR:process_memory_win.cc(73)] ReadMemory at 0x7ffffbb00000 of 64 bytes failed: Only part of a ReadProcessMemory or WriteProcessMemory request was completed. (0x12B)
[0822/220413.274:WARNING:pe_image_reader.cc(340)] could not read dos header from C:\WINDOWS\SYSTEM32\IPHLPAPI.DLL
[0822/220413.274:ERROR:process_memory_win.cc(73)] ReadMemory at 0x7ffff95b0000 of 64 bytes failed: Only part of a ReadProcessMemory or WriteProcessMemory request was completed. (0x12B)
[0822/220413.274:WARNING:pe_image_reader.cc(340)] could not read dos header from C:\WINDOWS\SYSTEM32\WINMM.dll
[0822/220413.274:ERROR:process_memory_win.cc(73)] ReadMemory at 0x7ffff5e40000 of 64 bytes failed: Only part of a ReadProcessMemory or WriteProcessMemory request was completed. (0x12B)
[0822/220413.274:WARNING:pe_image_reader.cc(340)] could not read dos header from C:\WINDOWS\SYSTEM32\Secur32.dll
[0822/220413.274:ERROR:process_memory_win.cc(73)] ReadMemory at 0x7ffffc780000 of 64 bytes failed: Only part of a ReadProcessMemory or WriteProcessMemory request was completed. (0x12B)
[0822/220413.274:WARNING:pe_image_reader.cc(340)] could not read dos header from C:\WINDOWS\SYSTEM32\USERENV.dll
[0822/220413.274:ERROR:process_memory_win.cc(73)] ReadMemory at 0x7ffffc920000 of 64 bytes failed: Only part of a ReadProcessMemory or WriteProcessMemory request was completed. (0x12B)
[0822/220413.274:WARNING:pe_image_reader.cc(340)] could not read dos header from C:\WINDOWS\System32\profapi.dll
[0822/220413.274:ERROR:process_memory_win.cc(73)] ReadMemory at 0x7fffe2050000 of 64 bytes failed: Only part of a ReadProcessMemory or WriteProcessMemory request was completed. (0x12B)
[0822/220413.274:WARNING:pe_image_reader.cc(340)] could not read dos header from C:\WINDOWS\SYSTEM32\UIAutomationCore.DLL
[0822/220413.274:ERROR:process_memory_win.cc(73)] ReadMemory at 0x7fffe65a0000 of 64 bytes failed: Only part of a ReadProcessMemory or WriteProcessMemory request was completed. (0x12B)
[0822/220413.275:WARNING:pe_image_reader.cc(340)] could not read dos header from C:\WINDOWS\SYSTEM32\DWrite.dll
[0822/220413.275:ERROR:process_memory_win.cc(73)] ReadMemory at 0x7fffe4ad0000 of 64 bytes failed: Only part of a ReadProcessMemory or WriteProcessMemory request was completed. (0x12B)
[0822/220413.275:WARNING:pe_image_reader.cc(340)] could not read dos header from C:\WINDOWS\SYSTEM32\WINSPOOL.DRV
[0822/220413.275:ERROR:process_memory_win.cc(73)] ReadMemory at 0x7ffffc8a0000 of 64 bytes failed: Only part of a ReadProcessMemory or WriteProcessMemory request was completed. (0x12B)
[0822/220413.275:WARNING:pe_image_reader.cc(340)] could not read dos header from C:\WINDOWS\System32\kernel.appcore.dll
[0822/220413.275:ERROR:process_memory_win.cc(73)] ReadMemory at 0x7ffffda60000 of 64 bytes failed: Only part of a ReadProcessMemory or WriteProcessMemory request was completed. (0x12B)
[0822/220413.275:WARNING:pe_image_reader.cc(340)] could not read dos header from C:\WINDOWS\System32\bcrypt.dll
[0822/220413.275:ERROR:process_memory_win.cc(73)] ReadMemory at 0x7ffffc3c0000 of 64 bytes failed: Only part of a ReadProcessMemory or WriteProcessMemory request was completed. (0x12B)
[0822/220413.275:WARNING:pe_image_reader.cc(340)] could not read dos header from C:\WINDOWS\SYSTEM32\dbghelp.dll
[0822/220413.275:ERROR:process_memory_win.cc(73)] ReadMemory at 0x7fffecdd0000 of 64 bytes failed: Only part of a ReadProcessMemory or WriteProcessMemory request was completed. (0x12B)
[0822/220413.275:WARNING:pe_image_reader.cc(340)] could not read dos header from C:\WINDOWS\SYSTEM32\WINHTTP.dll
[0822/220413.275:ERROR:process_memory_win.cc(73)] ReadMemory at 0x7ffff11c0000 of 64 bytes failed: Only part of a ReadProcessMemory or WriteProcessMemory request was completed. (0x12B)
[0822/220413.275:WARNING:pe_image_reader.cc(340)] could not read dos header from C:\WINDOWS\SYSTEM32\dhcpcsvc.DLL
[0822/220413.275:ERROR:process_memory_win.cc(73)] ReadMemory at 0x7ff8000d0000 of 64 bytes failed: Only part of a ReadProcessMemory or WriteProcessMemory request was completed. (0x12B)
[0822/220413.275:WARNING:pe_image_reader.cc(340)] could not read dos header from C:\WINDOWS\System32\NSI.dll
[0822/220413.275:ERROR:process_memory_win.cc(73)] ReadMemory at 0x7ffff9580000 of 64 bytes failed: Only part of a ReadProcessMemory or WriteProcessMemory request was completed. (0x12B)
[0822/220413.275:WARNING:pe_image_reader.cc(340)] could not read dos header from C:\WINDOWS\SYSTEM32\WINMMBASE.dll
[0822/220413.275:ERROR:process_memory_win.cc(73)] ReadMemory at 0x7ffffc950000 of 64 bytes failed: Only part of a ReadProcessMemory or WriteProcessMemory request was completed. (0x12B)
[0822/220413.275:WARNING:pe_image_reader.cc(340)] could not read dos header from C:\WINDOWS\System32\cfgmgr32.dll
[0822/220413.275:ERROR:process_memory_win.cc(73)] ReadMemory at 0x7ffff0110000 of 64 bytes failed: Only part of a ReadProcessMemory or WriteProcessMemory request was completed. (0x12B)
[0822/220413.275:WARNING:pe_image_reader.cc(340)] could not read dos header from C:\WINDOWS\SYSTEM32\Bcp47Langs.dll
[0822/220413.275:ERROR:process_memory_win.cc(73)] ReadMemory at 0x7ffff8950000 of 64 bytes failed: Only part of a ReadProcessMemory or WriteProcessMemory request was completed. (0x12B)
[0822/220413.275:WARNING:pe_image_reader.cc(340)] could not read dos header from C:\WINDOWS\SYSTEM32\PROPSYS.dll
[0822/220413.275:ERROR:process_memory_win.cc(73)] ReadMemory at 0x7ff8006c0000 of 64 bytes failed: Only part of a ReadProcessMemory or WriteProcessMemory request was completed. (0x12B)
[0822/220413.275:WARNING:pe_image_reader.cc(340)] could not read dos header from C:\WINDOWS\System32\shcore.dll
[0822/220413.275:ERROR:process_memory_win.cc(73)] ReadMemory at 0x7ffffc7b0000 of 64 bytes failed: Only part of a ReadProcessMemory or WriteProcessMemory request was completed. (0x12B)
[0822/220413.275:WARNING:pe_image_reader.cc(340)] could not read dos header from C:\WINDOWS\SYSTEM32\SSPICLI.DLL
[0822/220413.276:ERROR:process_memory_win.cc(73)] ReadMemory at 0x7ffffbfb0000 of 64 bytes failed: Only part of a ReadProcessMemory or WriteProcessMemory request was completed. (0x12B)
[0822/220413.276:WARNING:pe_image_reader.cc(340)] could not read dos header from C:\WINDOWS\SYSTEM32\CRYPTBASE.DLL
[0822/220413.276:ERROR:process_memory_win.cc(73)] ReadMemory at 0x7ff64a360000 of 64 bytes failed: Only part of a ReadProcessMemory or WriteProcessMemory request was completed. (0x12B)
[0822/220413.276:WARNING:pe_image_reader.cc(340)] could not read dos header from C:\Program Files (x86)\Google\Chrome\Application\chrome.exe
[0822/220413.276:ERROR:process_memory_win.cc(73)] ReadMemory at 0x7ff8007c0000 of 64 bytes failed: Only part of a ReadProcessMemory or WriteProcessMemory request was completed. (0x12B)
[0822/220413.276:WARNING:pe_image_reader.cc(340)] could not read dos header from C:\WINDOWS\SYSTEM32\ntdll.dll
[0822/220413.276:ERROR:process_memory_win.cc(73)] ReadMemory at 0x7fffff7a0000 of 64 bytes failed: Only part of a ReadProcessMemory or WriteProcessMemory request was completed. (0x12B)
[0822/220413.276:WARNING:pe_image_reader.cc(340)] could not read dos header from C:\WINDOWS\System32\KERNEL32.DLL
[0822/220413.276:ERROR:process_memory_win.cc(73)] ReadMemory at 0x7ffffcd10000 of 64 bytes failed: Only part of a ReadProcessMemory or WriteProcessMemory request was completed. (0x12B)
[0822/220413.276:WARNING:pe_image_reader.cc(340)] could not read dos header from C:\WINDOWS\System32\KERNELBASE.dll
[0822/220413.276:ERROR:process_memory_win.cc(73)] ReadMemory at 0x7fffc2480000 of 64 bytes failed: Only part of a ReadProcessMemory or WriteProcessMemory request was completed. (0x12B)
[0822/220413.276:WARNING:pe_image_reader.cc(340)] could not read dos header from C:\Program Files (x86)\Google\Chrome\Application\84.0.4147.89\chrome_elf.dll
[0822/220413.276:ERROR:process_memory_win.cc(73)] ReadMemory at 0x7ffff6320000 of 64 bytes failed: Only part of a ReadProcessMemory or WriteProcessMemory request was completed. (0x12B)
[0822/220413.276:WARNING:pe_image_reader.cc(340)] could not read dos header from C:\WINDOWS\SYSTEM32\VERSION.dll
[0822/220413.276:ERROR:process_memory_win.cc(73)] ReadMemory at 0x7ffffdf60000 of 64 bytes failed: Only part of a ReadProcessMemory or WriteProcessMemory request was completed. (0x12B)
[0822/220413.276:WARNING:pe_image_reader.cc(340)] could not read dos header from C:\WINDOWS\System32\msvcrt.dll
[0822/220413.276:ERROR:process_memory_win.cc(73)] ReadMemory at 0x7ffffcc90000 of 64 bytes failed: Only part of a ReadProcessMemory or WriteProcessMemory request was completed. (0x12B)
[0822/220413.276:WARNING:pe_image_reader.cc(340)] could not read dos header from C:\WINDOWS\System32\bcryptPrimitives.dll
[0822/220413.276:ERROR:process_memory_win.cc(73)] ReadMemory at 0x7fffffc30000 of 64 bytes failed: Only part of a ReadProcessMemory or WriteProcessMemory request was completed. (0x12B)
[0822/220413.276:WARNING:pe_image_reader.cc(340)] could not read dos header from C:\WINDOWS\System32\ADVAPI32.dll
[0822/220413.276:ERROR:process_memory_win.cc(73)] ReadMemory at 0x7fffff5d0000 of 64 bytes failed: Only part of a ReadProcessMemory or WriteProcessMemory request was completed. (0x12B)
[0822/220413.276:WARNING:pe_image_reader.cc(340)] could not read dos header from C:\WINDOWS\System32\sechost.dll
[0822/220413.276:ERROR:process_memory_win.cc(73)] ReadMemory at 0x7ff800590000 of 64 bytes failed: Only part of a ReadProcessMemory or WriteProcessMemory request was completed. (0x12B)
[0822/220413.276:WARNING:pe_image_reader.cc(340)] could not read dos header from C:\WINDOWS\System32\RPCRT4.dll
[0822/220413.276:ERROR:process_memory_win.cc(73)] ReadMemory at 0x7fff9d350000 of 64 bytes failed: Only part of a ReadProcessMemory or WriteProcessMemory request was completed. (0x12B)
[0822/220413.276:WARNING:pe_image_reader.cc(340)] could not read dos header from C:\Program Files (x86)\Google\Chrome\Application\84.0.4147.89\chrome.dll
[0822/220413.277:ERROR:process_memory_win.cc(73)] ReadMemory at 0x7fffffb60000 of 64 bytes failed: Only part of a ReadProcessMemory or WriteProcessMemory request was completed. (0x12B)
[0822/220413.277:WARNING:pe_image_reader.cc(340)] could not read dos header from C:\WINDOWS\System32\WS2_32.dll
[0822/220413.277:ERROR:process_memory_win.cc(73)] ReadMemory at 0x7ffffe000000 of 64 bytes failed: Only part of a ReadProcessMemory or WriteProcessMemory request was completed. (0x12B)
[0822/220413.277:WARNING:pe_image_reader.cc(340)] could not read dos header from C:\WINDOWS\System32\OLEAUT32.dll
[0822/220413.277:ERROR:process_memory_win.cc(73)] ReadMemory at 0x7ffffcb40000 of 64 bytes failed: Only part of a ReadProcessMemory or WriteProcessMemory request was completed. (0x12B)
[0822/220413.277:WARNING:pe_image_reader.cc(340)] could not read dos header from C:\WINDOWS\System32\msvcp_win.dll
[0822/220413.277:ERROR:process_memory_win.cc(73)] ReadMemory at 0x7ffffd960000 of 64 bytes failed: Only part of a ReadProcessMemory or WriteProcessMemory request was completed. (0x12B)
[0822/220413.277:WARNING:pe_image_reader.cc(340)] could not read dos header from C:\WINDOWS\System32\ucrtbase.dll
[0822/220413.277:ERROR:process_memory_win.cc(73)] ReadMemory at 0x7ffffdc30000 of 64 bytes failed: Only part of a ReadProcessMemory or WriteProcessMemory request was completed. (0x12B)
[0822/220413.277:WARNING:pe_image_reader.cc(340)] could not read dos header from C:\WINDOWS\System32\combase.dll
[0822/220413.277:ERROR:process_memory_win.cc(73)] ReadMemory at 0x7ffffcfb0000 of 64 bytes failed: Only part of a ReadProcessMemory or WriteProcessMemory request was completed. (0x12B)
[0822/220413.277:WARNING:pe_image_reader.cc(340)] could not read dos header from C:\WINDOWS\System32\WINTRUST.dll
[0822/220413.277:ERROR:process_memory_win.cc(73)] ReadMemory at 0x7ffffc880000 of 64 bytes failed: Only part of a ReadProcessMemory or WriteProcessMemory request was completed. (0x12B)
[0822/220413.277:WARNING:pe_image_reader.cc(340)] could not read dos header from C:\WINDOWS\System32\MSASN1.dll
[0822/220413.277:ERROR:process_memory_win.cc(73)] ReadMemory at 0x7ffffd010000 of 64 bytes failed: Only part of a ReadProcessMemory or WriteProcessMemory request was completed. (0x12B)
[0822/220413.277:WARNING:pe_image_reader.cc(340)] could not read dos header from C:\WINDOWS\System32\CRYPT32.dll
[0822/220413.277:ERROR:process_memory_win.cc(73)] ReadMemory at 0x7ffffbb00000 of 64 bytes failed: Only part of a ReadProcessMemory or WriteProcessMemory request was completed. (0x12B)
[0822/220413.277:WARNING:pe_image_reader.cc(340)] could not read dos header from C:\WINDOWS\SYSTEM32\IPHLPAPI.DLL
[0822/220413.277:ERROR:process_memory_win.cc(73)] ReadMemory at 0x7ffff95b0000 of 64 bytes failed: Only part of a ReadProcessMemory or WriteProcessMemory request was completed. (0x12B)
[0822/220413.277:WARNING:pe_image_reader.cc(340)] could not read dos header from C:\WINDOWS\SYSTEM32\WINMM.dll
[0822/220413.277:ERROR:process_memory_win.cc(73)] ReadMemory at 0x7ffff5e40000 of 64 bytes failed: Only part of a ReadProcessMemory or WriteProcessMemory request was completed. (0x12B)
[0822/220413.277:WARNING:pe_image_reader.cc(340)] could not read dos header from C:\WINDOWS\SYSTEM32\Secur32.dll
[0822/220413.277:ERROR:process_memory_win.cc(73)] ReadMemory at 0x7ffffc780000 of 64 bytes failed: Only part of a ReadProcessMemory or WriteProcessMemory request was completed. (0x12B)
[0822/220413.277:WARNING:pe_image_reader.cc(340)] could not read dos header from C:\WINDOWS\SYSTEM32\USERENV.dll
[0822/220413.277:ERROR:process_memory_win.cc(73)] ReadMemory at 0x7ffffc920000 of 64 bytes failed: Only part of a ReadProcessMemory or WriteProcessMemory request was completed. (0x12B)
[0822/220413.277:WARNING:pe_image_reader.cc(340)] could not read dos header from C:\WINDOWS\System32\profapi.dll
[0822/220413.278:ERROR:process_memory_win.cc(73)] ReadMemory at 0x7fffe2050000 of 64 bytes failed: Only part of a ReadProcessMemory or WriteProcessMemory request was completed. (0x12B)
[0822/220413.278:WARNING:pe_image_reader.cc(340)] could not read dos header from C:\WINDOWS\SYSTEM32\UIAutomationCore.DLL
[0822/220413.278:ERROR:process_memory_win.cc(73)] ReadMemory at 0x7fffe65a0000 of 64 bytes failed: Only part of a ReadProcessMemory or WriteProcessMemory request was completed. (0x12B)
[0822/220413.278:WARNING:pe_image_reader.cc(340)] could not read dos header from C:\WINDOWS\SYSTEM32\DWrite.dll
[0822/220413.278:ERROR:process_memory_win.cc(73)] ReadMemory at 0x7fffe4ad0000 of 64 bytes failed: Only part of a ReadProcessMemory or WriteProcessMemory request was completed. (0x12B)
[0822/220413.278:WARNING:pe_image_reader.cc(340)] could not read dos header from C:\WINDOWS\SYSTEM32\WINSPOOL.DRV
[0822/220413.278:ERROR:process_memory_win.cc(73)] ReadMemory at 0x7ffffc8a0000 of 64 bytes failed: Only part of a ReadProcessMemory or WriteProcessMemory request was completed. (0x12B)
[0822/220413.278:WARNING:pe_image_reader.cc(340)] could not read dos header from C:\WINDOWS\System32\kernel.appcore.dll
[0822/220413.278:ERROR:process_memory_win.cc(73)] ReadMemory at 0x7ffffda60000 of 64 bytes failed: Only part of a ReadProcessMemory or WriteProcessMemory request was completed. (0x12B)
[0822/220413.278:WARNING:pe_image_reader.cc(340)] could not read dos header from C:\WINDOWS\System32\bcrypt.dll
[0822/220413.278:ERROR:process_memory_win.cc(73)] ReadMemory at 0x7ffffc3c0000 of 64 bytes failed: Only part of a ReadProcessMemory or WriteProcessMemory request was completed. (0x12B)
[0822/220413.278:WARNING:pe_image_reader.cc(340)] could not read dos header from C:\WINDOWS\SYSTEM32\dbghelp.dll
[0822/220413.278:ERROR:process_memory_win.cc(73)] ReadMemory at 0x7fffecdd0000 of 64 bytes failed: Only part of a ReadProcessMemory or WriteProcessMemory request was completed. (0x12B)
[0822/220413.278:WARNING:pe_image_reader.cc(340)] could not read dos header from C:\WINDOWS\SYSTEM32\WINHTTP.dll
[0822/220413.278:ERROR:process_memory_win.cc(73)] ReadMemory at 0x7ffff11c0000 of 64 bytes failed: Only part of a ReadProcessMemory or WriteProcessMemory request was completed. (0x12B)
[0822/220413.278:WARNING:pe_image_reader.cc(340)] could not read dos header from C:\WINDOWS\SYSTEM32\dhcpcsvc.DLL
[0822/220413.278:ERROR:process_memory_win.cc(73)] ReadMemory at 0x7ff8000d0000 of 64 bytes failed: Only part of a ReadProcessMemory or WriteProcessMemory request was completed. (0x12B)
[0822/220413.278:WARNING:pe_image_reader.cc(340)] could not read dos header from C:\WINDOWS\System32\NSI.dll
[0822/220413.278:ERROR:process_memory_win.cc(73)] ReadMemory at 0x7ffff9580000 of 64 bytes failed: Only part of a ReadProcessMemory or WriteProcessMemory request was completed. (0x12B)
[0822/220413.278:WARNING:pe_image_reader.cc(340)] could not read dos header from C:\WINDOWS\SYSTEM32\WINMMBASE.dll
[0822/220413.278:ERROR:process_memory_win.cc(73)] ReadMemory at 0x7ffffc950000 of 64 bytes failed: Only part of a ReadProcessMemory or WriteProcessMemory request was completed. (0x12B)
[0822/220413.278:WARNING:pe_image_reader.cc(340)] could not read dos header from C:\WINDOWS\System32\cfgmgr32.dll
[0822/220413.278:ERROR:process_memory_win.cc(73)] ReadMemory at 0x7ffff0110000 of 64 bytes failed: Only part of a ReadProcessMemory or WriteProcessMemory request was completed. (0x12B)
[0822/220413.278:WARNING:pe_image_reader.cc(340)] could not read dos header from C:\WINDOWS\SYSTEM32\Bcp47Langs.dll
[0822/220413.279:ERROR:process_memory_win.cc(73)] ReadMemory at 0x7ffff8950000 of 64 bytes failed: Only part of a ReadProcessMemory or WriteProcessMemory request was completed. (0x12B)
[0822/220413.279:WARNING:pe_image_reader.cc(340)] could not read dos header from C:\WINDOWS\SYSTEM32\PROPSYS.dll
[0822/220413.279:ERROR:process_memory_win.cc(73)] ReadMemory at 0x7ff8006c0000 of 64 bytes failed: Only part of a ReadProcessMemory or WriteProcessMemory request was completed. (0x12B)
[0822/220413.279:WARNING:pe_image_reader.cc(340)] could not read dos header from C:\WINDOWS\System32\shcore.dll
[0822/220413.279:ERROR:process_memory_win.cc(73)] ReadMemory at 0x7ffffc7b0000 of 64 bytes failed: Only part of a ReadProcessMemory or WriteProcessMemory request was completed. (0x12B)
[0822/220413.279:WARNING:pe_image_reader.cc(340)] could not read dos header from C:\WINDOWS\SYSTEM32\SSPICLI.DLL
[0822/220413.279:ERROR:process_memory_win.cc(73)] ReadMemory at 0x7ffffbfb0000 of 64 bytes failed: Only part of a ReadProcessMemory or WriteProcessMemory request was completed. (0x12B)
[0822/220413.279:WARNING:pe_image_reader.cc(340)] could not read dos header from C:\WINDOWS\SYSTEM32\CRYPTBASE.DLL
[0822/220413.324:ERROR:process_memory_win.cc(73)] ReadMemory at 0xe4c7f4000 of 49152 bytes failed: Only part of a ReadProcessMemory or WriteProcessMemory request was completed. (0x12B)
[0822/220413.324:ERROR:process_memory_win.cc(73)] ReadMemory at 0xe4cffd000 of 12288 bytes failed: Only part of a ReadProcessMemory or WriteProcessMemory request was completed. (0x12B)
[0822/220413.324:ERROR:process_memory_win.cc(73)] ReadMemory at 0xe4d7fd000 of 12288 bytes failed: Only part of a ReadProcessMemory or WriteProcessMemory request was completed. (0x12B)
[0822/220413.326:ERROR:process_memory_win.cc(73)] ReadMemory at 0xe4dffc000 of 16384 bytes failed: Only part of a ReadProcessMemory or WriteProcessMemory request was completed. (0x12B)
[0822/220413.327:ERROR:process_memory_win.cc(73)] ReadMemory at 0xe4e7fb000 of 20480 bytes failed: Only part of a ReadProcessMemory or WriteProcessMemory request was completed. (0x12B)
[0822/220413.327:ERROR:process_memory_win.cc(73)] ReadMemory at 0xe4effe000 of 8192 bytes failed: Only part of a ReadProcessMemory or WriteProcessMemory request was completed. (0x12B)
[0822/220413.327:ERROR:process_memory_win.cc(73)] ReadMemory at 0xe4f7fd000 of 12288 bytes failed: Only part of a ReadProcessMemory or WriteProcessMemory request was completed. (0x12B)
[0822/220413.327:ERROR:process_memory_win.cc(73)] ReadMemory at 0xe4fffb000 of 20480 bytes failed: Only part of a ReadProcessMemory or WriteProcessMemory request was completed. (0x12B)
[0822/220413.327:ERROR:process_memory_win.cc(73)] ReadMemory at 0xe507fd000 of 12288 bytes failed: Only part of a ReadProcessMemory or WriteProcessMemory request was completed. (0x12B)
[0822/220413.327:ERROR:process_memory_win.cc(73)] ReadMemory at 0xe50ffd000 of 12288 bytes failed: Only part of a ReadProcessMemory or WriteProcessMemory request was completed. (0x12B)
[0822/220413.327:ERROR:process_memory_win.cc(73)] ReadMemory at 0xe517fd000 of 12288 bytes failed: Only part of a ReadProcessMemory or WriteProcessMemory request was completed. (0x12B)
[0822/220413.327:ERROR:process_memory_win.cc(73)] ReadMemory at 0xe51ffd000 of 12288 bytes failed: Only part of a ReadProcessMemory or WriteProcessMemory request was completed. (0x12B)
[0822/220413.328:ERROR:process_memory_win.cc(73)] ReadMemory at 0xe527fd000 of 12288 bytes failed: Only part of a ReadProcessMemory or WriteProcessMemory request was completed. (0x12B)
[0822/220413.328:ERROR:process_memory_win.cc(73)] ReadMemory at 0xe4bf5e000 of 852 bytes failed: Only part of a ReadProcessMemory or WriteProcessMemory request was completed. (0x12B)
[0822/220413.328:ERROR:process_memory_win.cc(73)] ReadMemory at 0xe4bf5f000 of 6024 bytes failed: Only part of a ReadProcessMemory or WriteProcessMemory request was completed. (0x12B)
[0822/220413.328:ERROR:process_memory_win.cc(73)] ReadMemory at 0xe4bf61000 of 6024 bytes failed: Only part of a ReadProcessMemory or WriteProcessMemory request was completed. (0x12B)
[0822/220413.328:ERROR:process_memory_win.cc(73)] ReadMemory at 0xe4bf63000 of 6024 bytes failed: Only part of a ReadProcessMemory or WriteProcessMemory request was completed. (0x12B)
[0822/220413.328:ERROR:process_memory_win.cc(73)] ReadMemory at 0xe4bf65000 of 6024 bytes failed: Only part of a ReadProcessMemory or WriteProcessMemory request was completed. (0x12B)
[0822/220413.328:ERROR:process_memory_win.cc(73)] ReadMemory at 0xe4bf67000 of 6024 bytes failed: Only part of a ReadProcessMemory or WriteProcessMemory request was completed. (0x12B)
[0822/220413.328:ERROR:process_memory_win.cc(73)] ReadMemory at 0xe4bf69000 of 6024 bytes failed: Only part of a ReadProcessMemory or WriteProcessMemory request was completed. (0x12B)
[0822/220413.328:ERROR:process_memory_win.cc(73)] ReadMemory at 0xe4bf6b000 of 6024 bytes failed: Only part of a ReadProcessMemory or WriteProcessMemory request was completed. (0x12B)
[0822/220413.329:ERROR:process_memory_win.cc(73)] ReadMemory at 0xe4bf6d000 of 6024 bytes failed: Only part of a ReadProcessMemory or WriteProcessMemory request was completed. (0x12B)
[0822/220413.329:ERROR:process_memory_win.cc(73)] ReadMemory at 0xe4bf6f000 of 6024 bytes failed: Only part of a ReadProcessMemory or WriteProcessMemory request was completed. (0x12B)
[0822/220413.329:ERROR:process_memory_win.cc(73)] ReadMemory at 0xe4bf71000 of 6024 bytes failed: Only part of a ReadProcessMemory or WriteProcessMemory request was completed. (0x12B)
[0822/220413.329:ERROR:process_memory_win.cc(73)] ReadMemory at 0xe4bf73000 of 6024 bytes failed: Only part of a ReadProcessMemory or WriteProcessMemory request was completed. (0x12B)
[0822/220413.329:ERROR:process_memory_win.cc(73)] ReadMemory at 0xe4bf75000 of 6024 bytes failed: Only part of a ReadProcessMemory or WriteProcessMemory request was completed. (0x12B)
[0822/220413.329:ERROR:process_memory_win.cc(73)] ReadMemory at 0xe4bf77000 of 6024 bytes failed: Only part of a ReadProcessMemory or WriteProcessMemory request was completed. (0x12B)
[0822/220413.329:ERROR:process_memory_win.cc(73)] ReadMemory at 0x1f7ee300e80 of 512 bytes failed: Only part of a ReadProcessMemory or WriteProcessMemory request was completed. (0x12B)
[0822/220413.329:ERROR:process_memory_win.cc(73)] ReadMemory at 0x1f7ee301f00 of 512 bytes failed: Only part of a ReadProcessMemory or WriteProcessMemory request was completed. (0x12B)
[0822/220413.329:ERROR:process_memory_win.cc(73)] ReadMemory at 0x1f7ee4b0fe0 of 3698 bytes failed: Only part of a ReadProcessMemory or WriteProcessMemory request was completed. (0x12B)
[0822/220413.329:ERROR:process_memory_win.cc(73)] ReadMemory at 0x1f7ee4b1e60 of 1012 bytes failed: Only part of a ReadProcessMemory or WriteProcessMemory request was completed. (0x12B)
[0822/220413.329:ERROR:process_memory_win.cc(73)] ReadMemory at 0x1f7ee4b2488 of 118 bytes failed: Only part of a ReadProcessMemory or WriteProcessMemory request was completed. (0x12B)
[0822/220413.330:ERROR:process_memory_win.cc(73)] ReadMemory at 0x1f7ee4b2500 of 758 bytes failed: Only part of a ReadProcessMemory or WriteProcessMemory request was completed. (0x12B)
[0822/220413.330:ERROR:process_memory_win.cc(73)] ReadMemory at 0x1f7ee4b27f8 of 118 bytes failed: Only part of a ReadProcessMemory or WriteProcessMemory request was completed. (0x12B)
[0822/220413.330:ERROR:process_memory_win.cc(73)] ReadMemory at 0x1f7ee4b2870 of 100 bytes failed: Only part of a ReadProcessMemory or WriteProcessMemory request was completed. (0x12B)
[0822/220413.330:ERROR:process_memory_win.cc(73)] ReadMemory at 0x1f7ee4b28e0 of 58 bytes failed: Only part of a ReadProcessMemory or WriteProcessMemory request was completed. (0x12B)
[0822/220413.330:ERROR:process_memory_win.cc(73)] ReadMemory at 0x1f7ee4b29e0 of 132 bytes failed: Only part of a ReadProcessMemory or WriteProcessMemory request was completed. (0x12B)
[0822/220413.330:ERROR:process_memory_win.cc(73)] ReadMemory at 0x1f7ee4b2b70 of 132 bytes failed: Only part of a ReadProcessMemory or WriteProcessMemory request was completed. (0x12B)
[0822/220413.330:ERROR:process_memory_win.cc(73)] ReadMemory at 0x1f7ee4b2d30 of 124 bytes failed: Only part of a ReadProcessMemory or WriteProcessMemory request was completed. (0x12B)
[0822/220413.330:ERROR:process_memory_win.cc(73)] ReadMemory at 0x1f7ee4b3110 of 132 bytes failed: Only part of a ReadProcessMemory or WriteProcessMemory request was completed. (0x12B)
[0822/220413.330:ERROR:process_memory_win.cc(73)] ReadMemory at 0x1f7ee4b32a0 of 64 bytes failed: Only part of a ReadProcessMemory or WriteProcessMemory request was completed. (0x12B)
[0822/220413.330:ERROR:process_memory_win.cc(73)] ReadMemory at 0x1f7ee4b3460 of 132 bytes failed: Only part of a ReadProcessMemory or WriteProcessMemory request was completed. (0x12B)
[0822/220413.330:ERROR:process_memory_win.cc(73)] ReadMemory at 0x1f7ee4b3700 of 132 bytes failed: Only part of a ReadProcessMemory or WriteProcessMemory request was completed. (0x12B)
[0822/220413.331:ERROR:process_memory_win.cc(73)] ReadMemory at 0x1f7ee4b3890 of 68 bytes failed: Only part of a ReadProcessMemory or WriteProcessMemory request was completed. (0x12B)
[0822/220413.331:ERROR:process_memory_win.cc(73)] ReadMemory at 0x1f7ee4b4850 of 132 bytes failed: Only part of a ReadProcessMemory or WriteProcessMemory request was completed. (0x12B)
[0822/220413.331:ERROR:process_memory_win.cc(73)] ReadMemory at 0x1f7ee4b49e0 of 152 bytes failed: Only part of a ReadProcessMemory or WriteProcessMemory request was completed. (0x12B)
[0822/220413.331:ERROR:process_memory_win.cc(73)] ReadMemory at 0x1f7ee4b5990 of 132 bytes failed: Only part of a ReadProcessMemory or WriteProcessMemory request was completed. (0x12B)
[0822/220413.331:ERROR:process_memory_win.cc(73)] ReadMemory at 0x1f7ee4b5f50 of 62 bytes failed: Only part of a ReadProcessMemory or WriteProcessMemory request was completed. (0x12B)
[0822/220413.331:ERROR:process_memory_win.cc(73)] ReadMemory at 0x1f7ee4b5fd0 of 60 bytes failed: Only part of a ReadProcessMemory or WriteProcessMemory request was completed. (0x12B)
[0822/220413.331:ERROR:process_memory_win.cc(73)] ReadMemory at 0x1f7ee4bd090 of 62 bytes failed: Only part of a ReadProcessMemory or WriteProcessMemory request was completed. (0x12B)
[0822/220413.331:ERROR:process_memory_win.cc(73)] ReadMemory at 0x1f7ee4be1c0 of 80 bytes failed: Only part of a ReadProcessMemory or WriteProcessMemory request was completed. (0x12B)
[0822/220413.331:ERROR:process_memory_win.cc(73)] ReadMemory at 0x1f7ee4be5e0 of 80 bytes failed: Only part of a ReadProcessMemory or WriteProcessMemory request was completed. (0x12B)
[0822/220413.331:ERROR:process_memory_win.cc(73)] ReadMemory at 0x1f7ee4c3d50 of 132 bytes failed: Only part of a ReadProcessMemory or WriteProcessMemory request was completed. (0x12B)
[0822/220413.331:ERROR:process_memory_win.cc(73)] ReadMemory at 0x1f7ee4c4070 of 132 bytes failed: Only part of a ReadProcessMemory or WriteProcessMemory request was completed. (0x12B)
[0822/220413.331:ERROR:process_memory_win.cc(73)] ReadMemory at 0x1f7ee4c4bf0 of 54 bytes failed: Only part of a ReadProcessMemory or WriteProcessMemory request was completed. (0x12B)
[0822/220413.332:ERROR:process_memory_win.cc(73)] ReadMemory at 0x1f7ee4c7270 of 132 bytes failed: Only part of a ReadProcessMemory or WriteProcessMemory request was completed. (0x12B)
[0822/220413.332:ERROR:process_memory_win.cc(73)] ReadMemory at 0x1f7ee4c7590 of 132 bytes failed: Only part of a ReadProcessMemory or WriteProcessMemory request was completed. (0x12B)
[0822/220413.332:ERROR:process_memory_win.cc(73)] ReadMemory at 0x1f7ee4c77b0 of 132 bytes failed: Only part of a ReadProcessMemory or WriteProcessMemory request was completed. (0x12B)
[0822/220413.332:ERROR:process_memory_win.cc(73)] ReadMemory at 0x1f7ee4c7ed0 of 132 bytes failed: Only part of a ReadProcessMemory or WriteProcessMemory request was completed. (0x12B)
[0822/220413.332:ERROR:process_memory_win.cc(73)] ReadMemory at 0x1f7ee4c80e0 of 132 bytes failed: Only part of a ReadProcessMemory or WriteProcessMemory request was completed. (0x12B)
[0822/220413.332:ERROR:process_memory_win.cc(73)] ReadMemory at 0x1f7ee4c8850 of 62 bytes failed: Only part of a ReadProcessMemory or WriteProcessMemory request was completed. (0x12B)
[0822/220413.332:ERROR:process_memory_win.cc(73)] ReadMemory at 0x1f7ee4c88a0 of 60 bytes failed: Only part of a ReadProcessMemory or WriteProcessMemory request was completed. (0x12B)
[0822/220413.332:ERROR:process_memory_win.cc(73)] ReadMemory at 0x1f7ee4c88f0 of 62 bytes failed: Only part of a ReadProcessMemory or WriteProcessMemory request was completed. (0x12B)
[0822/220413.332:ERROR:process_memory_win.cc(73)] ReadMemory at 0x1f7ee4c89e0 of 60 bytes failed: Only part of a ReadProcessMemory or WriteProcessMemory request was completed. (0x12B)
[0822/220413.332:ERROR:process_memory_win.cc(73)] ReadMemory at 0x1f7ee4c8a80 of 64 bytes failed: Only part of a ReadProcessMemory or WriteProcessMemory request was completed. (0x12B)
[0822/220413.332:ERROR:process_memory_win.cc(73)] ReadMemory at 0x1f7ee4c8ad0 of 58 bytes failed: Only part of a ReadProcessMemory or WriteProcessMemory request was completed. (0x12B)
[0822/220413.333:ERROR:process_memory_win.cc(73)] ReadMemory at 0x1f7ee4c8b20 of 62 bytes failed: Only part of a ReadProcessMemory or WriteProcessMemory request was completed. (0x12B)
[0822/220413.333:ERROR:process_memory_win.cc(73)] ReadMemory at 0x1f7ee4c8b70 of 60 bytes failed: Only part of a ReadProcessMemory or WriteProcessMemory request was completed. (0x12B)
[0822/220413.333:ERROR:process_memory_win.cc(73)] ReadMemory at 0x1f7ee4c8bc0 of 66 bytes failed: Only part of a ReadProcessMemory or WriteProcessMemory request was completed. (0x12B)
[0822/220413.333:ERROR:process_memory_win.cc(73)] ReadMemory at 0x1f7ee4c8c10 of 68 bytes failed: Only part of a ReadProcessMemory or WriteProcessMemory request was completed. (0x12B)
[0822/220413.333:ERROR:process_memory_win.cc(73)] ReadMemory at 0x1f7ee4c8d00 of 64 bytes failed: Only part of a ReadProcessMemory or WriteProcessMemory request was completed. (0x12B)
[0822/220413.333:ERROR:process_memory_win.cc(73)] ReadMemory at 0x1f7ee4c8d50 of 62 bytes failed: Only part of a ReadProcessMemory or WriteProcessMemory request was completed. (0x12B)
[0822/220413.333:ERROR:process_memory_win.cc(73)] ReadMemory at 0x1f7ee4c8ee0 of 62 bytes failed: Only part of a ReadProcessMemory or WriteProcessMemory request was completed. (0x12B)
[0822/220413.333:ERROR:process_memory_win.cc(73)] ReadMemory at 0x1f7ee4c8f30 of 62 bytes failed: Only part of a ReadProcessMemory or WriteProcessMemory request was completed. (0x12B)
[0822/220413.333:ERROR:process_memory_win.cc(73)] ReadMemory at 0x1f7ee4c9020 of 66 bytes failed: Only part of a ReadProcessMemory or WriteProcessMemory request was completed. (0x12B)
[0822/220413.333:ERROR:process_memory_win.cc(73)] ReadMemory at 0x1f7ee4c9070 of 62 bytes failed: Only part of a ReadProcessMemory or WriteProcessMemory request was completed. (0x12B)
[0822/220413.333:ERROR:process_memory_win.cc(73)] ReadMemory at 0x1f7ee4c9110 of 64 bytes failed: Only part of a ReadProcessMemory or WriteProcessMemory request was completed. (0x12B)
[0822/220413.333:ERROR:process_memory_win.cc(73)] ReadMemory at 0x1f7ee4c9200 of 60 bytes failed: Only part of a ReadProcessMemory or WriteProcessMemory request was completed. (0x12B)
[0822/220413.333:ERROR:process_memory_win.cc(73)] ReadMemory at 0x1f7ee4c92a0 of 64 bytes failed: Only part of a ReadProcessMemory or WriteProcessMemory request was completed. (0x12B)
[0822/220413.334:ERROR:process_memory_win.cc(73)] ReadMemory at 0x1f7ee4c92f0 of 64 bytes failed: Only part of a ReadProcessMemory or WriteProcessMemory request was completed. (0x12B)
[0822/220413.334:ERROR:process_memory_win.cc(73)] ReadMemory at 0x1f7ee4c9390 of 64 bytes failed: Only part of a ReadProcessMemory or WriteProcessMemory request was completed. (0x12B)
[0822/220413.334:ERROR:process_memory_win.cc(73)] ReadMemory at 0x1f7ee4c93e0 of 64 bytes failed: Only part of a ReadProcessMemory or WriteProcessMemory request was completed. (0x12B)
[0822/220413.334:ERROR:process_memory_win.cc(73)] ReadMemory at 0x1f7ee4c9520 of 62 bytes failed: Only part of a ReadProcessMemory or WriteProcessMemory request was completed. (0x12B)
[0822/220413.334:ERROR:process_memory_win.cc(73)] ReadMemory at 0x1f7ee4c9570 of 60 bytes failed: Only part of a ReadProcessMemory or WriteProcessMemory request was completed. (0x12B)
[0822/220413.334:ERROR:process_memory_win.cc(73)] ReadMemory at 0x1f7ee4c95c0 of 62 bytes failed: Only part of a ReadProcessMemory or WriteProcessMemory request was completed. (0x12B)
[0822/220413.334:ERROR:process_memory_win.cc(73)] ReadMemory at 0x1f7ee4c9660 of 60 bytes failed: Only part of a ReadProcessMemory or WriteProcessMemory request was completed. (0x12B)
[0822/220413.334:ERROR:process_memory_win.cc(73)] ReadMemory at 0x1f7ee4c96b0 of 64 bytes failed: Only part of a ReadProcessMemory or WriteProcessMemory request was completed. (0x12B)
[0822/220413.334:ERROR:process_memory_win.cc(73)] ReadMemory at 0x1f7ee4cae00 of 132 bytes failed: Only part of a ReadProcessMemory or WriteProcessMemory request was completed. (0x12B)
[0822/220413.334:ERROR:process_memory_win.cc(73)] ReadMemory at 0x1f7ee4caf30 of 144 bytes failed: Only part of a ReadProcessMemory or WriteProcessMemory request was completed. (0x12B)
[0822/220413.334:ERROR:process_memory_win.cc(73)] ReadMemory at 0x1f7ee4cdd70 of 132 bytes failed: Only part of a ReadProcessMemory or WriteProcessMemory request was completed. (0x12B)
[0822/220413.334:ERROR:process_memory_win.cc(73)] ReadMemory at 0x1f7ee4cdea0 of 132 bytes failed: Only part of a ReadProcessMemory or WriteProcessMemory request was completed. (0x12B)
[0822/220413.334:ERROR:process_memory_win.cc(73)] ReadMemory at 0x1f7ee4ce020 of 132 bytes failed: Only part of a ReadProcessMemory or WriteProcessMemory request was completed. (0x12B)
[0822/220413.335:ERROR:process_memory_win.cc(73)] ReadMemory at 0x1f7ee4ce150 of 132 bytes failed: Only part of a ReadProcessMemory or WriteProcessMemory request was completed. (0x12B)
[0822/220413.335:ERROR:process_memory_win.cc(73)] ReadMemory at 0x1f7ee4ce280 of 132 bytes failed: Only part of a ReadProcessMemory or WriteProcessMemory request was completed. (0x12B)
[0822/220413.335:ERROR:process_memory_win.cc(73)] ReadMemory at 0x1f7ee4ce3b0 of 132 bytes failed: Only part of a ReadProcessMemory or WriteProcessMemory request was completed. (0x12B)
[0822/220413.335:ERROR:process_memory_win.cc(73)] ReadMemory at 0x1f7ee4ce4e0 of 132 bytes failed: Only part of a ReadProcessMemory or WriteProcessMemory request was completed. (0x12B)
[0822/220413.335:ERROR:process_memory_win.cc(73)] ReadMemory at 0x1f7ee4ce610 of 132 bytes failed: Only part of a ReadProcessMemory or WriteProcessMemory request was completed. (0x12B)
[0822/220413.335:ERROR:process_memory_win.cc(73)] ReadMemory at 0x1f7ee4ce870 of 132 bytes failed: Only part of a ReadProcessMemory or WriteProcessMemory request was completed. (0x12B)
[0822/220413.335:ERROR:process_memory_win.cc(73)] ReadMemory at 0x1f7ee4ce9a0 of 132 bytes failed: Only part of a ReadProcessMemory or WriteProcessMemory request was completed. (0x12B)
[0822/220413.335:ERROR:process_memory_win.cc(73)] ReadMemory at 0x1f7ee4cead0 of 132 bytes failed: Only part of a ReadProcessMemory or WriteProcessMemory request was completed. (0x12B)
[0822/220413.335:ERROR:process_memory_win.cc(73)] ReadMemory at 0x1f7ee4cec00 of 132 bytes failed: Only part of a ReadProcessMemory or WriteProcessMemory request was completed. (0x12B)
[0822/220413.335:ERROR:process_memory_win.cc(73)] ReadMemory at 0x1f7ee4ced30 of 132 bytes failed: Only part of a ReadProcessMemory or WriteProcessMemory request was completed. (0x12B)
[0822/220413.335:ERROR:process_memory_win.cc(73)] ReadMemory at 0x1f7ee4cee60 of 132 bytes failed: Only part of a ReadProcessMemory or WriteProcessMemory request was completed. (0x12B)
[0822/220413.335:ERROR:process_memory_win.cc(73)] ReadMemory at 0x1f7ee4cfd10 of 132 bytes failed: Only part of a ReadProcessMemory or WriteProcessMemory request was completed. (0x12B)
[0822/220413.335:ERROR:process_memory_win.cc(73)] ReadMemory at 0x1f7ee4d01d0 of 132 bytes failed: Only part of a ReadProcessMemory or WriteProcessMemory request was completed. (0x12B)
[0822/220413.336:ERROR:process_memory_win.cc(73)] ReadMemory at 0x1f7ee4d07c0 of 132 bytes failed: Only part of a ReadProcessMemory or WriteProcessMemory request was completed. (0x12B)
[0822/220413.336:ERROR:process_memory_win.cc(73)] ReadMemory at 0x1f7ee4d0a20 of 132 bytes failed: Only part of a ReadProcessMemory or WriteProcessMemory request was completed. (0x12B)
[0822/220413.336:ERROR:process_memory_win.cc(73)] ReadMemory at 0x1f7ee4d0ee0 of 132 bytes failed: Only part of a ReadProcessMemory or WriteProcessMemory request was completed. (0x12B)
[0822/220413.336:ERROR:process_memory_win.cc(73)] ReadMemory at 0x1f7ee4d1010 of 132 bytes failed: Only part of a ReadProcessMemory or WriteProcessMemory request was completed. (0x12B)
[0822/220413.336:ERROR:process_memory_win.cc(73)] ReadMemory at 0x1f7ee4d1140 of 132 bytes failed: Only part of a ReadProcessMemory or WriteProcessMemory request was completed. (0x12B)
[0822/220413.336:ERROR:process_memory_win.cc(73)] ReadMemory at 0x1f7ee4d1270 of 132 bytes failed: Only part of a ReadProcessMemory or WriteProcessMemory request was completed. (0x12B)
[0822/220413.336:ERROR:process_memory_win.cc(73)] ReadMemory at 0x1f7ee4d13a0 of 132 bytes failed: Only part of a ReadProcessMemory or WriteProcessMemory request was completed. (0x12B)
[0822/220413.336:ERROR:process_memory_win.cc(73)] ReadMemory at 0x1f7ee4d14d0 of 132 bytes failed: Only part of a ReadProcessMemory or WriteProcessMemory request was completed. (0x12B)
[0822/220413.336:ERROR:process_memory_win.cc(73)] ReadMemory at 0x1f7ee4d1730 of 132 bytes failed: Only part of a ReadProcessMemory or WriteProcessMemory request was completed. (0x12B)
[0822/220413.336:ERROR:process_memory_win.cc(73)] ReadMemory at 0x1f7ee4d3e40 of 76 bytes failed: Only part of a ReadProcessMemory or WriteProcessMemory request was completed. (0x12B)
[0822/220413.336:ERROR:process_memory_win.cc(73)] ReadMemory at 0x1f7ee535c80 of 768 bytes failed: Only part of a ReadProcessMemory or WriteProcessMemory request was completed. (0x12B)
[0822/220413.337:ERROR:process_memory_win.cc(73)] ReadMemory at 0x1f7ee551220 of 512 bytes failed: Only part of a ReadProcessMemory or WriteProcessMemory request was completed. (0x12B)
[0822/220413.337:ERROR:process_memory_win.cc(73)] ReadMemory at 0x1f7ee5583a0 of 512 bytes failed: Only part of a ReadProcessMemory or WriteProcessMemory request was completed. (0x12B)
[0822/220413.337:ERROR:process_memory_win.cc(73)] ReadMemory at 0x1f7ee5638b0 of 712 bytes failed: Only part of a ReadProcessMemory or WriteProcessMemory request was completed. (0x12B)
[0822/220413.337:ERROR:process_memory_win.cc(73)] ReadMemory at 0x1f7ee5838e0 of 512 bytes failed: Only part of a ReadProcessMemory or WriteProcessMemory request was completed. (0x12B)
[0822/220413.337:ERROR:process_memory_win.cc(73)] ReadMemory at 0x1f7efcdb5f0 of 512 bytes failed: Only part of a ReadProcessMemory or WriteProcessMemory request was completed. (0x12B)
[0822/220413.337:ERROR:process_memory_win.cc(73)] ReadMemory at 0x32715140a9e0 of 512 bytes failed: Only part of a ReadProcessMemory or WriteProcessMemory request was completed. (0x12B)
[0822/220413.337:ERROR:process_memory_win.cc(73)] ReadMemory at 0x608900000000 of 544 bytes failed: Only part of a ReadProcessMemory or WriteProcessMemory request was completed. (0x12B)
[0822/220413.337:ERROR:process_memory_win.cc(73)] ReadMemory at 0x6089080b05fd of 512 bytes failed: Only part of a ReadProcessMemory or WriteProcessMemory request was completed. (0x12B)
[0822/220413.337:ERROR:process_memory_win.cc(73)] ReadMemory at 0x6089080b14f1 of 512 bytes failed: Only part of a ReadProcessMemory or WriteProcessMemory request was completed. (0x12B)
[0822/220413.337:ERROR:process_memory_win.cc(73)] ReadMemory at 0x6089082e6179 of 512 bytes failed: Only part of a ReadProcessMemory or WriteProcessMemory request was completed. (0x12B)
[0822/220413.337:ERROR:process_memory_win.cc(73)] ReadMemory at 0x7ff80080ff10 of 512 bytes failed: Only part of a ReadProcessMemory or WriteProcessMemory request was completed. (0x12B)
[0822/220413.338:ERROR:process_memory_win.cc(73)] ReadMemory at 0x7ff80085f764 of 672 bytes failed: Only part of a ReadProcessMemory or WriteProcessMemory request was completed. (0x12B)
[0822/220413.338:ERROR:process_memory_win.cc(73)] ReadMemory at 0x7ff80085fd64 of 512 bytes failed: Only part of a ReadProcessMemory or WriteProcessMemory request was completed. (0x12B)
[0822/220413.338:ERROR:process_memory_win.cc(73)] ReadMemory at 0x7ff800862ff4 of 608 bytes failed: Only part of a ReadProcessMemory or WriteProcessMemory request was completed. (0x12B)
[0822/220413.338:ERROR:process_memory_win.cc(73)] ReadMemory at 0x7ff8008ec0c8 of 18 bytes failed: Only part of a ReadProcessMemory or WriteProcessMemory request was completed. (0x12B)
[0822/220413.338:ERROR:process_memory_win.cc(73)] ReadMemory at 0x7ff80091f4f8 of 40 bytes failed: Only part of a ReadProcessMemory or WriteProcessMemory request was completed. (0x12B)
[0822/220413.338:ERROR:process_memory_win.cc(73)] ReadMemory at 0x7ff80091f978 of 48 bytes failed: Only part of a ReadProcessMemory or WriteProcessMemory request was completed. (0x12B)
[0822/220413.338:ERROR:process_memory_win.cc(73)] ReadMemory at 0x7ff8009253a0 of 64 bytes failed: Only part of a ReadProcessMemory or WriteProcessMemory request was completed. (0x12B)
[0822/220413.338:ERROR:process_memory_win.cc(73)] ReadMemory at 0x7fff9d350000 of 384 bytes failed: Only part of a ReadProcessMemory or WriteProcessMemory request was completed. (0x12B)
[0822/220413.338:ERROR:process_memory_win.cc(73)] ReadMemory at 0x7fff9f5c701c of 512 bytes failed: Only part of a ReadProcessMemory or WriteProcessMemory request was completed. (0x12B)
[0822/220413.338:ERROR:process_memory_win.cc(73)] ReadMemory at 0x7fff9fb5968c of 512 bytes failed: Only part of a ReadProcessMemory or WriteProcessMemory request was completed. (0x12B)
[0822/220413.338:ERROR:process_memory_win.cc(73)] ReadMemory at 0x7fffa1ee5ff1 of 512 bytes failed: Only part of a ReadProcessMemory or WriteProcessMemory request was completed. (0x12B)
[0822/220413.338:ERROR:process_memory_win.cc(73)] ReadMemory at 0x7fffa388fff0 of 512 bytes failed: Only part of a ReadProcessMemory or WriteProcessMemory request was completed. (0x12B)
[0822/220413.338:ERROR:process_memory_win.cc(73)] ReadMemory at 0x7fffa3a08e54 of 512 bytes failed: Only part of a ReadProcessMemory or WriteProcessMemory request was completed. (0x12B)
[0822/220413.339:ERROR:process_memory_win.cc(73)] ReadMemory at 0x7fffa4ed23c8 of 512 bytes failed: Only part of a ReadProcessMemory or WriteProcessMemory request was completed. (0x12B)
[0822/220413.339:ERROR:process_memory_win.cc(73)] ReadMemory at 0x7fffa51478bc of 512 bytes failed: Only part of a ReadProcessMemory or WriteProcessMemory request was completed. (0x12B)
[0822/220413.340:ERROR:scoped_process_suspend.cc(40)] NtResumeProcess: An attempt was made to access an exiting process. (0xc000010a)
